<?xml version="1.0" encoding="UTF-8"?>
<!-- Generated by org.testng.reporters.JUnitReportReporter -->
<testsuite hostname="SVS" failures="0" tests="4" name="com.gmoonline.Validating_Frames" time="13.131" errors="0" timestamp="2022-08-10T02:41:52 PDT" skipped="0">
  <testcase classname="com.gmoonline.Validating_Frames" name="validatepageloadinginframes" time="3.040"/>
  <system-out/>
  <testcase classname="com.gmoonline.Validating_Frames" name="validatesingleframes" time="6.576"/>
  <system-out/>
  <testcase classname="com.gmoonline.Validating_Frames" name="validatingdropdownframe" time="3.247"/>
  <system-out/>
  <testcase classname="com.gmoonline.Validating_Frames" name="validatingmultipleframes" time="0.268"/>
  <system-out/>
</testsuite> <!-- com.gmoonline.Validating_Frames -->
