<?xml version="1.0" encoding="UTF-8"?>
<!-- Generated by org.testng.reporters.JUnitReportReporter -->
<testsuite hostname="SVS" failures="0" tests="2" name="com.gmoonline.Gmoonline" time="2.093" errors="0" timestamp="2022-08-10T02:40:45 PDT" skipped="0">
  <testcase classname="com.gmoonline.Gmoonline" name="Validategmoonlinetitle" time="0.025"/>
  <system-out/>
  <testcase classname="com.gmoonline.Gmoonline" name="Validatinggmoonlinewebsite" time="2.068"/>
  <system-out/>
</testsuite> <!-- com.gmoonline.Gmoonline -->
