<?xml version="1.0" encoding="UTF-8"?>
<!-- Generated by org.testng.reporters.JUnitReportReporter -->
<testsuite hostname="SVS" failures="0" tests="2" name="com.gmoonline.Gmoonline2POM" time="1.331" errors="0" timestamp="2022-08-10T02:41:12 PDT" skipped="0">
  <testcase classname="com.gmoonline.Gmoonline2POM" name="Validategmoonlinetitle" time="0.024"/>
  <system-out/>
  <testcase classname="com.gmoonline.Gmoonline2POM" name="Validatinggmoonlinewebsite" time="1.307"/>
  <system-out/>
</testsuite> <!-- com.gmoonline.Gmoonline2POM -->
