<?xml version="1.0" encoding="UTF-8"?>
<!-- Generated by org.testng.reporters.JUnitReportReporter -->
<testsuite hostname="SVS" failures="0" tests="2" name="com.gmoonline.ValidatingMouseOperations" time="10.958" errors="0" timestamp="2022-08-10T16:31:53 PDT" skipped="0">
  <testcase classname="com.gmoonline.ValidatingMouseOperations" name="validatepageloadinginmouseoperations" time="9.958"/>
  <system-out/>
  <testcase classname="com.gmoonline.ValidatingMouseOperations" name="validatebuttonsindemoqa" time="1.000"/>
  <system-out/>
</testsuite> <!-- com.gmoonline.ValidatingMouseOperations -->
