<?xml version="1.0" encoding="UTF-8"?>
<!-- Generated by org.testng.reporters.JUnitReportReporter -->
<testsuite hostname="SVS" failures="0" tests="2" name="com.gmoonline.ValidatingalertsPOM" time="17.327" errors="0" timestamp="2022-08-10T02:43:13 PDT" skipped="0">
  <testcase classname="com.gmoonline.ValidatingalertsPOM" name="Alertvalidation" time="1.917"/>
  <system-out/>
  <testcase classname="com.gmoonline.ValidatingalertsPOM" name="validationtypesofalerts" time="15.410"/>
  <system-out/>
</testsuite> <!-- com.gmoonline.ValidatingalertsPOM -->
