<?xml version="1.0" encoding="UTF-8"?>
<!-- Generated by org.testng.reporters.JUnitReportReporter -->
<testsuite hostname="SVS" failures="0" tests="2" name="com.gmoonline.Validatingalerts" time="17.651" errors="0" timestamp="2022-08-10T02:42:34 PDT" skipped="0">
  <testcase classname="com.gmoonline.Validatingalerts" name="Alertvalidation" time="2.213"/>
  <system-out/>
  <testcase classname="com.gmoonline.Validatingalerts" name="validationtypesofalerts" time="15.438"/>
  <system-out/>
</testsuite> <!-- com.gmoonline.Validatingalerts -->
